{"total": {"lines":{"total":46,"covered":46,"skipped":0,"pct":100},"statements":{"total":47,"covered":47,"skipped":0,"pct":100},"functions":{"total":8,"covered":8,"skipped":0,"pct":100},"branches":{"total":33,"covered":33,"skipped":0,"pct":100},"branchesTrue":{"total":0,"covered":0,"skipped":0,"pct":"Unknown"}}
,"/home/ctorgalson/Storage/Dev/BH/bh-attrmanager/src/bh-attrmanager.ts": {"lines":{"total":46,"covered":46,"skipped":0,"pct":100},"functions":{"total":8,"covered":8,"skipped":0,"pct":100},"statements":{"total":47,"covered":47,"skipped":0,"pct":100},"branches":{"total":33,"covered":33,"skipped":0,"pct":100}}
}
